  Bullet.cpp
  Ennemy.cpp
  Kamikaz.cpp
d:\projetgroupe\projet reseau groupe - 18-04-11h20 - networksebincluded\projet vide\sources\game\character\kamikaz.cpp(49): warning C4305: '=' : troncation de 'double' à 'float'
  Player.cpp
  Sniper.cpp
d:\projetgroupe\projet reseau groupe - 18-04-11h20 - networksebincluded\projet vide\sources\game\character\sniper.cpp(47): warning C4305: '=' : troncation de 'double' à 'float'
  Soldat.cpp
d:\projetgroupe\projet reseau groupe - 18-04-11h20 - networksebincluded\projet vide\sources\game\character\soldat.cpp(47): warning C4305: '=' : troncation de 'double' à 'float'
  SoldatLourd.cpp
d:\projetgroupe\projet reseau groupe - 18-04-11h20 - networksebincluded\projet vide\sources\game\character\soldatlourd.cpp(47): warning C4305: '=' : troncation de 'double' à 'float'
  Tank.cpp
d:\projetgroupe\projet reseau groupe - 18-04-11h20 - networksebincluded\projet vide\sources\game\character\tank\tank.cpp(377): warning C4244: 'return' : conversion de 'float' en 'int', perte possible de données
d:\projetgroupe\projet reseau groupe - 18-04-11h20 - networksebincluded\projet vide\sources\game\character\tank\tank.cpp(393): warning C4244: '=' : conversion de 'float' en 'int', perte possible de données
d:\projetgroupe\projet reseau groupe - 18-04-11h20 - networksebincluded\projet vide\sources\game\character\tank\tank.cpp(382): warning C4101: 'tmpDamageToShield' : variable locale non référencée
  Turret.cpp
  Collectibles.cpp
  Base.cpp
  BulletEnnemy.cpp
  Button.cpp
d:\projetgroupe\projet reseau groupe - 18-04-11h20 - networksebincluded\projet vide\sources\game\entities\button.cpp(18): warning C4244: 'argument' : conversion de 'float' en 'unsigned int', perte possible de données
d:\projetgroupe\projet reseau groupe - 18-04-11h20 - networksebincluded\projet vide\sources\game\entities\button.cpp(54): warning C4244: 'argument' : conversion de 'float' en 'unsigned int', perte possible de données
  CreateGameForm.cpp
d:\projetgroupe\projet reseau groupe - 18-04-11h20 - networksebincluded\projet vide\sources\game\entities\creategameform.cpp(57): warning C4305: 'argument' : troncation de 'double' à 'float'
d:\projetgroupe\projet reseau groupe - 18-04-11h20 - networksebincluded\projet vide\sources\game\entities\creategameform.cpp(65): warning C4305: 'argument' : troncation de 'double' à 'float'
  DrawableObject.cpp
  HostedGame.cpp
  JoinGameForm.cpp
  Map.cpp
  Map_Plan.cpp
  elementHud.cpp
  Génération de code en cours...
d:\projetgroupe\projet reseau groupe - 18-04-11h20 - networksebincluded\projet vide\sources\game\entities\joingameform.cpp(258): warning C4715: 'JoinGameForm::isOverCanon' : les chemins de contrôle ne retournent pas tous une valeur
d:\projetgroupe\projet reseau groupe - 18-04-11h20 - networksebincluded\projet vide\sources\game\entities\joingameform.cpp(319): warning C4715: 'JoinGameForm::getButton' : les chemins de contrôle ne retournent pas tous une valeur
d:\projetgroupe\projet reseau groupe - 18-04-11h20 - networksebincluded\projet vide\sources\game\entities\creategameform.cpp(186): warning C4715: 'CreateGameForm::isOverTank' : les chemins de contrôle ne retournent pas tous une valeur
d:\projetgroupe\projet reseau groupe - 18-04-11h20 - networksebincluded\projet vide\sources\game\entities\creategameform.cpp(254): warning C4715: 'CreateGameForm::isOverCanon' : les chemins de contrôle ne retournent pas tous une valeur
d:\projetgroupe\projet reseau groupe - 18-04-11h20 - networksebincluded\projet vide\sources\game\entities\creategameform.cpp(313): warning C4715: 'CreateGameForm::getButton' : les chemins de contrôle ne retournent pas tous une valeur
  Compilation en cours...
  HUD.cpp
  main.cpp
d:\projetgroupe\projet reseau groupe - 18-04-11h20 - networksebincluded\projet vide\sources\main.cpp(15): warning C4244: 'argument' : conversion de 'T' en 'unsigned int', perte possible de données
          with
          [
              T=float
          ]
d:\projetgroupe\projet reseau groupe - 18-04-11h20 - networksebincluded\projet vide\sources\main.cpp(18): warning C4244: 'argument' : conversion de 'time_t' en 'unsigned int', perte possible de données
  ConnectManager.cpp
d:\projetgroupe\projet reseau groupe - 18-04-11h20 - networksebincluded\projet vide\sources\managers\connectmanager.cpp(103): error C2039: 'getIsInGame' : n'est pas membre de 'Player'
  d:\projetgroupe\projet reseau groupe - 18-04-11h20 - networksebincluded\projet vide\sources\game\character\player.h(6): note: voir la déclaration de 'Player'
d:\projetgroupe\projet reseau groupe - 18-04-11h20 - networksebincluded\projet vide\sources\managers\connectmanager.cpp(103): error C2039: 'getIsHost' : n'est pas membre de 'Player'
  d:\projetgroupe\projet reseau groupe - 18-04-11h20 - networksebincluded\projet vide\sources\game\character\player.h(6): note: voir la déclaration de 'Player'
d:\projetgroupe\projet reseau groupe - 18-04-11h20 - networksebincluded\projet vide\sources\managers\connectmanager.cpp(103): error C2039: 'getPlayerName' : n'est pas membre de 'Player'
  d:\projetgroupe\projet reseau groupe - 18-04-11h20 - networksebincluded\projet vide\sources\game\character\player.h(6): note: voir la déclaration de 'Player'
d:\projetgroupe\projet reseau groupe - 18-04-11h20 - networksebincluded\projet vide\sources\managers\connectmanager.cpp(115): error C2039: 'getPlayerIP' : n'est pas membre de 'Player'
  d:\projetgroupe\projet reseau groupe - 18-04-11h20 - networksebincluded\projet vide\sources\game\character\player.h(6): note: voir la déclaration de 'Player'
d:\projetgroupe\projet reseau groupe - 18-04-11h20 - networksebincluded\projet vide\sources\managers\connectmanager.cpp(117): error C2039: 'setAsReplyied' : n'est pas membre de 'Player'
  d:\projetgroupe\projet reseau groupe - 18-04-11h20 - networksebincluded\projet vide\sources\game\character\player.h(6): note: voir la déclaration de 'Player'
d:\projetgroupe\projet reseau groupe - 18-04-11h20 - networksebincluded\projet vide\sources\managers\connectmanager.cpp(127): error C2039: 'getPlayerIP' : n'est pas membre de 'Player'
  d:\projetgroupe\projet reseau groupe - 18-04-11h20 - networksebincluded\projet vide\sources\game\character\player.h(6): note: voir la déclaration de 'Player'
d:\projetgroupe\projet reseau groupe - 18-04-11h20 - networksebincluded\projet vide\sources\managers\connectmanager.cpp(152): error C2039: 'getAsBeenPinged' : n'est pas membre de 'Player'
  d:\projetgroupe\projet reseau groupe - 18-04-11h20 - networksebincluded\projet vide\sources\game\character\player.h(6): note: voir la déclaration de 'Player'
d:\projetgroupe\projet reseau groupe - 18-04-11h20 - networksebincluded\projet vide\sources\managers\connectmanager.cpp(154): error C2039: 'setAsBeenPinged' : n'est pas membre de 'Player'
  d:\projetgroupe\projet reseau groupe - 18-04-11h20 - networksebincluded\projet vide\sources\game\character\player.h(6): note: voir la déclaration de 'Player'
d:\projetgroupe\projet reseau groupe - 18-04-11h20 - networksebincluded\projet vide\sources\managers\connectmanager.cpp(155): error C2039: 'getPlayerIP' : n'est pas membre de 'Player'
  d:\projetgroupe\projet reseau groupe - 18-04-11h20 - networksebincluded\projet vide\sources\game\character\player.h(6): note: voir la déclaration de 'Player'
d:\projetgroupe\projet reseau groupe - 18-04-11h20 - networksebincluded\projet vide\sources\managers\connectmanager.cpp(155): error C2661: 'ConnectManager::sendMessage' : aucune fonction surchargée ne nécessite 1 arguments
d:\projetgroupe\projet reseau groupe - 18-04-11h20 - networksebincluded\projet vide\sources\managers\connectmanager.cpp(166): error C2039: 'getIsDisconnected' : n'est pas membre de 'Player'
  d:\projetgroupe\projet reseau groupe - 18-04-11h20 - networksebincluded\projet vide\sources\game\character\player.h(6): note: voir la déclaration de 'Player'
  GameManager.cpp
  PollEventManager.cpp
  ViewManager.cpp
d:\projetgroupe\projet reseau groupe - 18-04-11h20 - networksebincluded\projet vide\sources\managers\viewmanager.cpp(21): warning C4244: 'argument' : conversion de 'T' en 'T', perte possible de données
          with
          [
              T=unsigned int
          ]
          and
          [
              T=float
          ]
d:\projetgroupe\projet reseau groupe - 18-04-11h20 - networksebincluded\projet vide\sources\managers\viewmanager.cpp(29): warning C4244: 'argument' : conversion de 'T' en 'T', perte possible de données
          with
          [
              T=unsigned int
          ]
          and
          [
              T=float
          ]
  Game.cpp
  Intro.cpp
  Lobby.cpp
d:\projetgroupe\projet reseau groupe - 18-04-11h20 - networksebincluded\projet vide\sources\scenes\lobby.cpp(236): error C2039: 'setHostedGame' : n'est pas membre de 'Player'
  d:\projetgroupe\projet reseau groupe - 18-04-11h20 - networksebincluded\projet vide\sources\game\character\player.h(6): note: voir la déclaration de 'Player'
d:\projetgroupe\projet reseau groupe - 18-04-11h20 - networksebincluded\projet vide\sources\scenes\lobby.cpp(239): error C2039: 'getPlayerIP' : n'est pas membre de 'Player'
  d:\projetgroupe\projet reseau groupe - 18-04-11h20 - networksebincluded\projet vide\sources\game\character\player.h(6): note: voir la déclaration de 'Player'
d:\projetgroupe\projet reseau groupe - 18-04-11h20 - networksebincluded\projet vide\sources\scenes\lobby.cpp(250): error C2039: 'setHostedGame' : n'est pas membre de 'Player'
  d:\projetgroupe\projet reseau groupe - 18-04-11h20 - networksebincluded\projet vide\sources\game\character\player.h(6): note: voir la déclaration de 'Player'
d:\projetgroupe\projet reseau groupe - 18-04-11h20 - networksebincluded\projet vide\sources\scenes\lobby.cpp(253): error C2039: 'getPlayerIP' : n'est pas membre de 'Player'
  d:\projetgroupe\projet reseau groupe - 18-04-11h20 - networksebincluded\projet vide\sources\game\character\player.h(6): note: voir la déclaration de 'Player'
d:\projetgroupe\projet reseau groupe - 18-04-11h20 - networksebincluded\projet vide\sources\scenes\lobby.cpp(450): error C2039: 'getIsInGame' : n'est pas membre de 'Player'
  d:\projetgroupe\projet reseau groupe - 18-04-11h20 - networksebincluded\projet vide\sources\game\character\player.h(6): note: voir la déclaration de 'Player'
d:\projetgroupe\projet reseau groupe - 18-04-11h20 - networksebincluded\projet vide\sources\scenes\lobby.cpp(452): error C2039: 'getPlayerName' : n'est pas membre de 'Player'
  d:\projetgroupe\projet reseau groupe - 18-04-11h20 - networksebincluded\projet vide\sources\game\character\player.h(6): note: voir la déclaration de 'Player'
d:\projetgroupe\projet reseau groupe - 18-04-11h20 - networksebincluded\projet vide\sources\scenes\lobby.cpp(466): error C2039: 'getPlayerName' : n'est pas membre de 'Player'
  d:\projetgroupe\projet reseau groupe - 18-04-11h20 - networksebincluded\projet vide\sources\game\character\player.h(6): note: voir la déclaration de 'Player'
  Login.cpp
  Menu.cpp
  Scene.cpp
  ToolsSFML.cpp
d:\projetgroupe\projet reseau groupe - 18-04-11h20 - networksebincluded\projet vide\sources\tools\toolssfml.cpp(321): warning C4244: 'return' : conversion de 'double' en 'float', perte possible de données
d:\projetgroupe\projet reseau groupe - 18-04-11h20 - networksebincluded\projet vide\sources\tools\toolssfml.cpp(340): warning C4244: '=' : conversion de 'double' en 'T', perte possible de données
          with
          [
              T=float
          ]
d:\projetgroupe\projet reseau groupe - 18-04-11h20 - networksebincluded\projet vide\sources\tools\toolssfml.cpp(341): warning C4244: '=' : conversion de 'double' en 'T', perte possible de données
          with
          [
              T=float
          ]
d:\projetgroupe\projet reseau groupe - 18-04-11h20 - networksebincluded\projet vide\sources\tools\toolssfml.cpp(361): warning C4244: '=' : conversion de 'double' en 'T', perte possible de données
          with
          [
              T=float
          ]
d:\projetgroupe\projet reseau groupe - 18-04-11h20 - networksebincluded\projet vide\sources\tools\toolssfml.cpp(362): warning C4244: '=' : conversion de 'double' en 'T', perte possible de données
          with
          [
              T=float
          ]
  UtilsCpp.cpp
d:\projetgroupe\projet reseau groupe - 18-04-11h20 - networksebincluded\projet vide\sources\tools\utilscpp.cpp(112): warning C4244: '=' : conversion de 'double' en 'T', perte possible de données
          with
          [
              T=float
          ]
d:\projetgroupe\projet reseau groupe - 18-04-11h20 - networksebincluded\projet vide\sources\tools\utilscpp.cpp(113): warning C4244: '=' : conversion de 'double' en 'T', perte possible de données
          with
          [
              T=float
          ]
d:\projetgroupe\projet reseau groupe - 18-04-11h20 - networksebincluded\projet vide\sources\tools\utilscpp.cpp(144): warning C4244: '=' : conversion de 'double' en 'T', perte possible de données
          with
          [
              T=float
          ]
d:\projetgroupe\projet reseau groupe - 18-04-11h20 - networksebincluded\projet vide\sources\tools\utilscpp.cpp(145): warning C4244: '=' : conversion de 'double' en 'T', perte possible de données
          with
          [
              T=float
          ]
d:\projetgroupe\projet reseau groupe - 18-04-11h20 - networksebincluded\projet vide\sources\tools\utilscpp.cpp(154): warning C4244: '=' : conversion de 'double' en 'T', perte possible de données
          with
          [
              T=float
          ]
d:\projetgroupe\projet reseau groupe - 18-04-11h20 - networksebincluded\projet vide\sources\tools\utilscpp.cpp(155): warning C4244: '=' : conversion de 'double' en 'T', perte possible de données
          with
          [
              T=float
          ]
d:\projetgroupe\projet reseau groupe - 18-04-11h20 - networksebincluded\projet vide\sources\tools\utilscpp.cpp(167): warning C4244: 'return' : conversion de 'double' en 'float', perte possible de données
d:\projetgroupe\projet reseau groupe - 18-04-11h20 - networksebincluded\projet vide\sources\tools\utilscpp.cpp(181): warning C4244: '=' : conversion de 'double' en 'T', perte possible de données
          with
          [
              T=float
          ]
d:\projetgroupe\projet reseau groupe - 18-04-11h20 - networksebincluded\projet vide\sources\tools\utilscpp.cpp(182): warning C4244: '=' : conversion de 'double' en 'T', perte possible de données
          with
          [
              T=float
          ]
  Génération de code en cours...
