f:\_gameacademy\projet reseau groupe - template\projet vide\x64\debug\vc141.pdb
f:\_gameacademy\projet reseau groupe - template\projet vide\x64\debug\vc141.idb
f:\_gameacademy\projet reseau groupe - template\projet vide\x64\debug\utilscpp.obj
f:\_gameacademy\projet reseau groupe - template\projet vide\x64\debug\scene.obj
f:\_gameacademy\projet reseau groupe - template\projet vide\x64\debug\menu.obj
f:\_gameacademy\projet reseau groupe - template\projet vide\x64\debug\intro.obj
f:\_gameacademy\projet reseau groupe - template\projet vide\x64\debug\game.obj
f:\_gameacademy\projet reseau groupe - template\projet vide\x64\debug\gamemanager.obj
f:\_gameacademy\projet reseau groupe - template\projet vide\x64\debug\main.obj
f:\_gameacademy\projet reseau groupe - template\projet vide\x64\debug\drawableobject.obj
f:\_gameacademy\projet reseau groupe - template\projet vide\x64\debug\tank.obj
f:\_gameacademy\projet reseau groupe - template\projet vide\x64\debug\player.obj
f:\_gameacademy\projet reseau groupe - template\projet vide\x64\debug\turret.obj
f:\_gameacademy\projet reseau groupe - template\x64\debug\projet vide.exe
f:\_gameacademy\projet reseau groupe - template\x64\debug\projet vide.ilk
f:\_gameacademy\projet reseau groupe - template\x64\debug\projet vide.pdb
f:\_gameacademy\projet reseau groupe - template\projet vide\x64\debug\projet vide.tlog\cl.command.1.tlog
f:\_gameacademy\projet reseau groupe - template\projet vide\x64\debug\projet vide.tlog\cl.read.1.tlog
f:\_gameacademy\projet reseau groupe - template\projet vide\x64\debug\projet vide.tlog\cl.write.1.tlog
f:\_gameacademy\projet reseau groupe - template\projet vide\x64\debug\projet vide.tlog\link.command.1.tlog
f:\_gameacademy\projet reseau groupe - template\projet vide\x64\debug\projet vide.tlog\link.read.1.tlog
f:\_gameacademy\projet reseau groupe - template\projet vide\x64\debug\projet vide.tlog\link.write.1.tlog
